{"C:\\Users\\1arna\\Documents\\Programing\\uabbaltic\\src\\app\\[lng]\\register\\components\\register-form\\register-form.test.tsx": {"all":false,"path":"C:\\Users\\1arna\\Documents\\Programing\\uabbaltic\\src\\app\\[lng]\\register\\components\\register-form\\register-form.test.tsx","statementMap":{"0":{"start":{"line":8,"column":0},"end":{"line":49,"column":3}},"1":{"start":{"line":9,"column":2},"end":{"line":15,"column":5}},"2":{"start":{"line":10,"column":4},"end":{"line":14,"column":6}},"3":{"start":{"line":16,"column":2},"end":{"line":34,"column":5}},"4":{"start":{"line":17,"column":22},"end":{"line":22,"column":5}},"5":{"start":{"line":23,"column":24},"end":{"line":28,"column":5}},"6":{"start":{"line":30,"column":41},"end":{"line":30,"column":67}},"7":{"start":{"line":32,"column":4},"end":{"line":32,"column":75}},"8":{"start":{"line":33,"column":4},"end":{"line":33,"column":78}},"9":{"start":{"line":35,"column":2},"end":{"line":48,"column":5}},"10":{"start":{"line":36,"column":25},"end":{"line":36,"column":34}},"11":{"start":{"line":38,"column":4},"end":{"line":47,"column":32}},"12":{"start":{"line":39,"column":6},"end":{"line":46,"column":8}},"13":{"start":{"line":44,"column":10},"end":{"line":44,"column":44}}},"fnMap":{"0":{"name":"(anonymous_0)","decl":{"start":{"line":8,"column":21},"end":{"line":49,"column":1}},"loc":{"start":{"line":8,"column":27},"end":{"line":49,"column":1}},"line":8},"1":{"name":"(anonymous_1)","decl":{"start":{"line":9,"column":33},"end":{"line":15,"column":3}},"loc":{"start":{"line":9,"column":45},"end":{"line":15,"column":3}},"line":9},"2":{"name":"(anonymous_2)","decl":{"start":{"line":16,"column":40},"end":{"line":34,"column":3}},"loc":{"start":{"line":16,"column":46},"end":{"line":34,"column":3}},"line":16},"3":{"name":"(anonymous_3)","decl":{"start":{"line":35,"column":29},"end":{"line":48,"column":3}},"loc":{"start":{"line":35,"column":41},"end":{"line":48,"column":3}},"line":35},"4":{"name":"(anonymous_4)","decl":{"start":{"line":38,"column":11},"end":{"line":46,"column":8}},"loc":{"start":{"line":39,"column":6},"end":{"line":46,"column":8}},"line":39},"5":{"name":"(anonymous_5)","decl":{"start":{"line":43,"column":11},"end":{"line":45,"column":9}},"loc":{"start":{"line":43,"column":20},"end":{"line":45,"column":9}},"line":43}},"branchMap":{},"s":{"0":1,"1":1,"2":1,"3":1,"4":1,"5":1,"6":1,"7":1,"8":1,"9":1,"10":1,"11":1,"12":1,"13":1},"f":{"0":1,"1":1,"2":1,"3":1,"4":1,"5":1},"b":{},"_coverageSchema":"11020577277169172593","hash":"4608866701162688688"}
,"C:\\Users\\1arna\\Documents\\Programing\\uabbaltic\\src\\app\\[lng]\\register\\components\\register-form\\register-form.tsx": {"all":false,"path":"C:\\Users\\1arna\\Documents\\Programing\\uabbaltic\\src\\app\\[lng]\\register\\components\\register-form\\register-form.tsx","statementMap":{"0":{"start":{"line":30,"column":28},"end":{"line":73,"column":1}},"1":{"start":{"line":36,"column":2},"end":{"line":72,"column":3}},"2":{"start":{"line":37,"column":4},"end":{"line":44,"column":6}},"3":{"start":{"line":45,"column":9},"end":{"line":72,"column":3}},"4":{"start":{"line":46,"column":4},"end":{"line":53,"column":6}},"5":{"start":{"line":54,"column":9},"end":{"line":72,"column":3}},"6":{"start":{"line":55,"column":4},"end":{"line":62,"column":6}},"7":{"start":{"line":64,"column":4},"end":{"line":70,"column":6}},"8":{"start":{"line":71,"column":4},"end":{"line":71,"column":38}},"9":{"start":{"line":75,"column":21},"end":{"line":199,"column":1}},"10":{"start":{"line":76,"column":16},"end":{"line":76,"column":60}},"11":{"start":{"line":77,"column":19},"end":{"line":77,"column":35}},"12":{"start":{"line":79,"column":27},"end":{"line":81,"column":4}},"13":{"start":{"line":87,"column":6},"end":{"line":89,"column":4}},"14":{"start":{"line":91,"column":21},"end":{"line":108,"column":3}},"15":{"start":{"line":92,"column":4},"end":{"line":107,"column":5}},"16":{"start":{"line":93,"column":22},"end":{"line":96,"column":8}},"17":{"start":{"line":98,"column":41},"end":{"line":98,"column":61}},"18":{"start":{"line":99,"column":6},"end":{"line":104,"column":9}},"19":{"start":{"line":106,"column":6},"end":{"line":106,"column":59}},"20":{"start":{"line":110,"column":55},"end":{"line":116,"column":3}},"21":{"start":{"line":111,"column":4},"end":{"line":115,"column":5}},"22":{"start":{"line":112,"column":6},"end":{"line":112,"column":29}},"23":{"start":{"line":114,"column":6},"end":{"line":114,"column":59}},"24":{"start":{"line":118,"column":2},"end":{"line":198,"column":4}}},"fnMap":{"0":{"name":"(anonymous_0)","decl":{"start":{"line":30,"column":28},"end":{"line":73,"column":1}},"loc":{"start":{"line":35,"column":21},"end":{"line":73,"column":1}},"line":35},"1":{"name":"(anonymous_1)","decl":{"start":{"line":75,"column":21},"end":{"line":199,"column":1}},"loc":{"start":{"line":75,"column":61},"end":{"line":199,"column":1}},"line":75},"2":{"name":"(anonymous_2)","decl":{"start":{"line":91,"column":21},"end":{"line":108,"column":3}},"loc":{"start":{"line":91,"column":58},"end":{"line":108,"column":3}},"line":91},"3":{"name":"(anonymous_3)","decl":{"start":{"line":110,"column":55},"end":{"line":116,"column":3}},"loc":{"start":{"line":110,"column":71},"end":{"line":116,"column":3}},"line":110}},"branchMap":{"0":{"loc":{"start":{"line":36,"column":2},"end":{"line":72,"column":3}},"type":"if","locations":[{"start":{"line":36,"column":2},"end":{"line":72,"column":3}},{"start":{"line":36,"column":2},"end":{"line":72,"column":3}}],"line":36},"1":{"loc":{"start":{"line":45,"column":9},"end":{"line":72,"column":3}},"type":"if","locations":[{"start":{"line":45,"column":9},"end":{"line":72,"column":3}},{"start":{"line":45,"column":9},"end":{"line":72,"column":3}}],"line":45},"2":{"loc":{"start":{"line":54,"column":9},"end":{"line":72,"column":3}},"type":"if","locations":[{"start":{"line":54,"column":9},"end":{"line":72,"column":3}},{"start":{"line":54,"column":9},"end":{"line":72,"column":3}}],"line":54}},"s":{"0":1,"1":1,"2":0,"3":1,"4":0,"5":1,"6":0,"7":1,"8":1,"9":1,"10":1,"11":0,"12":0,"13":0,"14":0,"15":0,"16":0,"17":0,"18":0,"19":0,"20":0,"21":0,"22":0,"23":0,"24":0},"f":{"0":1,"1":1,"2":0,"3":0},"b":{"0":[0,1],"1":[0,1],"2":[0,1]},"_coverageSchema":"11020577277169172593","hash":"2800226867825074932"}
,"C:\\Users\\1arna\\Documents\\Programing\\uabbaltic\\src\\app\\i18n\\client.ts": {"all":false,"path":"C:\\Users\\1arna\\Documents\\Programing\\uabbaltic\\src\\app\\i18n\\client.ts","statementMap":{"0":{"start":{"line":15,"column":25},"end":{"line":15,"column":54}},"1":{"start":{"line":17,"column":0},"end":{"line":33,"column":5}},"2":{"start":{"line":23,"column":8},"end":{"line":23,"column":57}},"3":{"start":{"line":41,"column":31},"end":{"line":41,"column":55}},"4":{"start":{"line":42,"column":14},"end":{"line":42,"column":44}},"5":{"start":{"line":43,"column":19},"end":{"line":43,"column":22}},"6":{"start":{"line":44,"column":2},"end":{"line":65,"column":3}},"7":{"start":{"line":45,"column":4},"end":{"line":45,"column":34}},"8":{"start":{"line":48,"column":38},"end":{"line":48,"column":69}},"9":{"start":{"line":50,"column":4},"end":{"line":53,"column":43}},"10":{"start":{"line":51,"column":6},"end":{"line":51,"column":54}},"11":{"start":{"line":51,"column":47},"end":{"line":51,"column":54}},"12":{"start":{"line":52,"column":6},"end":{"line":52,"column":42}},"13":{"start":{"line":55,"column":4},"end":{"line":58,"column":25}},"14":{"start":{"line":56,"column":6},"end":{"line":56,"column":66}},"15":{"start":{"line":56,"column":59},"end":{"line":56,"column":66}},"16":{"start":{"line":57,"column":6},"end":{"line":57,"column":36}},"17":{"start":{"line":60,"column":4},"end":{"line":64,"column":36}},"18":{"start":{"line":61,"column":6},"end":{"line":61,"column":47}},"19":{"start":{"line":61,"column":40},"end":{"line":61,"column":47}},"20":{"start":{"line":62,"column":6},"end":{"line":62,"column":53}},"21":{"start":{"line":66,"column":2},"end":{"line":66,"column":13}}},"fnMap":{"0":{"name":"(anonymous_0)","decl":{"start":{"line":22,"column":6},"end":{"line":23,"column":57}},"loc":{"start":{"line":23,"column":8},"end":{"line":23,"column":57}},"line":23},"1":{"name":"useTranslation","decl":{"start":{"line":36,"column":16},"end":{"line":36,"column":30}},"loc":{"start":{"line":40,"column":20},"end":{"line":67,"column":1}},"line":40},"2":{"name":"(anonymous_2)","decl":{"start":{"line":50,"column":14},"end":{"line":53,"column":5}},"loc":{"start":{"line":50,"column":20},"end":{"line":53,"column":5}},"line":50},"3":{"name":"(anonymous_3)","decl":{"start":{"line":55,"column":14},"end":{"line":58,"column":5}},"loc":{"start":{"line":55,"column":20},"end":{"line":58,"column":5}},"line":55},"4":{"name":"(anonymous_4)","decl":{"start":{"line":60,"column":14},"end":{"line":64,"column":5}},"loc":{"start":{"line":60,"column":20},"end":{"line":64,"column":5}},"line":60}},"branchMap":{"0":{"loc":{"start":{"line":32,"column":13},"end":{"line":32,"column":46}},"type":"cond-expr","locations":[{"start":{"line":32,"column":32},"end":{"line":32,"column":41}},{"start":{"line":32,"column":44},"end":{"line":32,"column":46}}],"line":32},"1":{"loc":{"start":{"line":44,"column":2},"end":{"line":65,"column":3}},"type":"if","locations":[{"start":{"line":44,"column":2},"end":{"line":65,"column":3}},{"start":{"line":44,"column":2},"end":{"line":65,"column":3}}],"line":44},"2":{"loc":{"start":{"line":51,"column":6},"end":{"line":51,"column":54}},"type":"if","locations":[{"start":{"line":51,"column":6},"end":{"line":51,"column":54}},{"start":{"line":51,"column":6},"end":{"line":51,"column":54}}],"line":51},"3":{"loc":{"start":{"line":56,"column":6},"end":{"line":56,"column":66}},"type":"if","locations":[{"start":{"line":56,"column":6},"end":{"line":56,"column":66}},{"start":{"line":56,"column":6},"end":{"line":56,"column":66}}],"line":56},"4":{"loc":{"start":{"line":56,"column":10},"end":{"line":56,"column":57}},"type":"binary-expr","locations":[{"start":{"line":56,"column":10},"end":{"line":56,"column":19}},{"start":{"line":56,"column":23},"end":{"line":56,"column":57}}],"line":56},"5":{"loc":{"start":{"line":61,"column":6},"end":{"line":61,"column":47}},"type":"if","locations":[{"start":{"line":61,"column":6},"end":{"line":61,"column":47}},{"start":{"line":61,"column":6},"end":{"line":61,"column":47}}],"line":61},"6":{"loc":{"start":{"line":44,"column":6},"end":{"line":44,"column":72}},"type":"binary-expr","locations":[{"start":{"line":44,"column":6},"end":{"line":44,"column":22}},{"start":{"line":44,"column":26},"end":{"line":44,"column":34}},{"start":{"line":44,"column":38},"end":{"line":44,"column":72}}],"line":44}},"s":{"0":1,"1":1,"2":2,"3":1,"4":1,"5":0,"6":0,"7":0,"8":0,"9":0,"10":0,"11":0,"12":0,"13":0,"14":0,"15":0,"16":0,"17":0,"18":0,"19":0,"20":0,"21":0},"f":{"0":2,"1":1,"2":0,"3":0,"4":0},"b":{"0":[0,1],"1":[0,0],"2":[0,0],"3":[0,0],"4":[0,0],"5":[0,0],"6":[0,0,0]},"_coverageSchema":"11020577277169172593","hash":"9078682684482091603"}
,"C:\\Users\\1arna\\Documents\\Programing\\uabbaltic\\src\\app\\i18n\\settings.ts": {"all":false,"path":"C:\\Users\\1arna\\Documents\\Programing\\uabbaltic\\src\\app\\i18n\\settings.ts","statementMap":{"0":{"start":{"line":1,"column":27},"end":{"line":1,"column":31}},"1":{"start":{"line":2,"column":25},"end":{"line":2,"column":44}},"2":{"start":{"line":3,"column":25},"end":{"line":3,"column":38}},"3":{"start":{"line":4,"column":26},"end":{"line":4,"column":35}},"4":{"start":{"line":7,"column":2},"end":{"line":15,"column":4}}},"fnMap":{"0":{"name":"getOptions","decl":{"start":{"line":6,"column":16},"end":{"line":6,"column":26}},"loc":{"start":{"line":6,"column":62},"end":{"line":16,"column":1}},"line":6}},"branchMap":{"0":{"loc":{"start":{"line":6,"column":27},"end":{"line":6,"column":44}},"type":"default-arg","locations":[{"start":{"line":6,"column":33},"end":{"line":6,"column":44}}],"line":6},"1":{"loc":{"start":{"line":6,"column":46},"end":{"line":6,"column":60}},"type":"default-arg","locations":[{"start":{"line":6,"column":51},"end":{"line":6,"column":60}}],"line":6}},"s":{"0":1,"1":1,"2":1,"3":1,"4":1},"f":{"0":1},"b":{"0":[1],"1":[1]},"_coverageSchema":"11020577277169172593","hash":"11415370905744821546"}
,"C:\\Users\\1arna\\Documents\\Programing\\uabbaltic\\src\\app\\utils\\client-error-response-handler.ts": {"all":false,"path":"C:\\Users\\1arna\\Documents\\Programing\\uabbaltic\\src\\app\\utils\\client-error-response-handler.ts","statementMap":{"0":{"start":{"line":1,"column":42},"end":{"line":8,"column":1}},"1":{"start":{"line":5,"column":2},"end":{"line":7,"column":3}},"2":{"start":{"line":6,"column":4},"end":{"line":6,"column":36}}},"fnMap":{"0":{"name":"(anonymous_0)","decl":{"start":{"line":1,"column":42},"end":{"line":8,"column":1}},"loc":{"start":{"line":4,"column":5},"end":{"line":8,"column":1}},"line":4}},"branchMap":{"0":{"loc":{"start":{"line":5,"column":2},"end":{"line":7,"column":3}},"type":"if","locations":[{"start":{"line":5,"column":2},"end":{"line":7,"column":3}},{"start":{"line":5,"column":2},"end":{"line":7,"column":3}}],"line":5}},"s":{"0":1,"1":0,"2":0},"f":{"0":0},"b":{"0":[0,0]},"_coverageSchema":"11020577277169172593","hash":"10230424951093722713"}
,"C:\\Users\\1arna\\Documents\\Programing\\uabbaltic\\src\\app\\utils\\get-base-url.ts": {"all":false,"path":"C:\\Users\\1arna\\Documents\\Programing\\uabbaltic\\src\\app\\utils\\get-base-url.ts","statementMap":{"0":{"start":{"line":1,"column":26},"end":{"line":7,"column":1}},"1":{"start":{"line":2,"column":2},"end":{"line":6,"column":3}},"2":{"start":{"line":3,"column":4},"end":{"line":3,"column":38}},"3":{"start":{"line":5,"column":4},"end":{"line":5,"column":43}}},"fnMap":{"0":{"name":"(anonymous_0)","decl":{"start":{"line":1,"column":26},"end":{"line":7,"column":1}},"loc":{"start":{"line":1,"column":32},"end":{"line":7,"column":1}},"line":1}},"branchMap":{"0":{"loc":{"start":{"line":2,"column":2},"end":{"line":6,"column":3}},"type":"if","locations":[{"start":{"line":2,"column":2},"end":{"line":6,"column":3}},{"start":{"line":2,"column":2},"end":{"line":6,"column":3}}],"line":2}},"s":{"0":1,"1":2,"2":0,"3":2},"f":{"0":2},"b":{"0":[0,2]},"_coverageSchema":"11020577277169172593","hash":"15433597751947089416"}
,"C:\\Users\\1arna\\Documents\\Programing\\uabbaltic\\src\\app\\utils\\validation-schemas.ts": {"all":false,"path":"C:\\Users\\1arna\\Documents\\Programing\\uabbaltic\\src\\app\\utils\\validation-schemas.ts","statementMap":{"0":{"start":{"line":7,"column":40},"end":{"line":29,"column":1}},"1":{"start":{"line":8,"column":2},"end":{"line":28,"column":3}},"2":{"start":{"line":9,"column":4},"end":{"line":17,"column":7}},"3":{"start":{"line":19,"column":4},"end":{"line":27,"column":7}}},"fnMap":{"0":{"name":"(anonymous_0)","decl":{"start":{"line":7,"column":40},"end":{"line":29,"column":1}},"loc":{"start":{"line":7,"column":75},"end":{"line":29,"column":1}},"line":7}},"branchMap":{"0":{"loc":{"start":{"line":8,"column":2},"end":{"line":28,"column":3}},"type":"if","locations":[{"start":{"line":8,"column":2},"end":{"line":28,"column":3}},{"start":{"line":8,"column":2},"end":{"line":28,"column":3}}],"line":8}},"s":{"0":1,"1":1,"2":0,"3":1},"f":{"0":1},"b":{"0":[0,1]},"_coverageSchema":"11020577277169172593","hash":"11693055037912019493"}
,"C:\\Users\\1arna\\Documents\\Programing\\uabbaltic\\src\\components\\button\\button.tsx": {"all":false,"path":"C:\\Users\\1arna\\Documents\\Programing\\uabbaltic\\src\\components\\button\\button.tsx","statementMap":{"0":{"start":{"line":11,"column":15},"end":{"line":37,"column":1}},"1":{"start":{"line":17,"column":2},"end":{"line":36,"column":4}}},"fnMap":{"0":{"name":"(anonymous_0)","decl":{"start":{"line":11,"column":15},"end":{"line":37,"column":1}},"loc":{"start":{"line":16,"column":15},"end":{"line":37,"column":1}},"line":16}},"branchMap":{"0":{"loc":{"start":{"line":31,"column":9},"end":{"line":33,"column":9}},"type":"binary-expr","locations":[{"start":{"line":31,"column":9},"end":{"line":31,"column":30}},{"start":{"line":31,"column":34},"end":{"line":33,"column":9}}],"line":31}},"s":{"0":1,"1":0},"f":{"0":0},"b":{"0":[0,0]},"_coverageSchema":"11020577277169172593","hash":"1351349480461938116"}
,"C:\\Users\\1arna\\Documents\\Programing\\uabbaltic\\src\\components\\input\\input.tsx": {"all":false,"path":"C:\\Users\\1arna\\Documents\\Programing\\uabbaltic\\src\\components\\input\\input.tsx","statementMap":{"0":{"start":{"line":11,"column":22},"end":{"line":37,"column":1}},"1":{"start":{"line":18,"column":2},"end":{"line":36,"column":4}}},"fnMap":{"0":{"name":"(anonymous_0)","decl":{"start":{"line":11,"column":22},"end":{"line":37,"column":1}},"loc":{"start":{"line":17,"column":22},"end":{"line":37,"column":1}},"line":17}},"branchMap":{},"s":{"0":1,"1":0},"f":{"0":0},"b":{},"_coverageSchema":"11020577277169172593","hash":"868349022133154642"}
,"C:\\Users\\1arna\\Documents\\Programing\\uabbaltic\\src\\constants\\graphql-errors.ts": {"all":false,"path":"C:\\Users\\1arna\\Documents\\Programing\\uabbaltic\\src\\constants\\graphql-errors.ts","statementMap":{"0":{"start":{"line":1,"column":29},"end":{"line":6,"column":1}}},"fnMap":{},"branchMap":{},"s":{"0":1},"f":{},"b":{},"_coverageSchema":"11020577277169172593","hash":"9748447648812940545"}
,"C:\\Users\\1arna\\Documents\\Programing\\uabbaltic\\src\\constants\\routes.ts": {"all":false,"path":"C:\\Users\\1arna\\Documents\\Programing\\uabbaltic\\src\\constants\\routes.ts","statementMap":{"0":{"start":{"line":1,"column":25},"end":{"line":10,"column":1}}},"fnMap":{},"branchMap":{},"s":{"0":1},"f":{},"b":{},"_coverageSchema":"11020577277169172593","hash":"10030666972401228065"}
,"C:\\Users\\1arna\\Documents\\Programing\\uabbaltic\\src\\constants\\status-code.ts": {"all":false,"path":"C:\\Users\\1arna\\Documents\\Programing\\uabbaltic\\src\\constants\\status-code.ts","statementMap":{"0":{"start":{"line":1,"column":27},"end":{"line":5,"column":1}}},"fnMap":{},"branchMap":{},"s":{"0":1},"f":{},"b":{},"_coverageSchema":"11020577277169172593","hash":"8161717824908408360"}
,"C:\\Users\\1arna\\Documents\\Programing\\uabbaltic\\src\\store\\redux-hooks.ts": {"all":false,"path":"C:\\Users\\1arna\\Documents\\Programing\\uabbaltic\\src\\store\\redux-hooks.ts","statementMap":{"0":{"start":{"line":4,"column":49},"end":{"line":4,"column":60}},"1":{"start":{"line":5,"column":63},"end":{"line":5,"column":74}}},"fnMap":{},"branchMap":{},"s":{"0":1,"1":1},"f":{},"b":{},"_coverageSchema":"11020577277169172593","hash":"5803849815573861790"}
,"C:\\Users\\1arna\\Documents\\Programing\\uabbaltic\\src\\store\\store.ts": {"all":false,"path":"C:\\Users\\1arna\\Documents\\Programing\\uabbaltic\\src\\store\\store.ts","statementMap":{"0":{"start":{"line":20,"column":4},"end":{"line":26,"column":5}}},"fnMap":{"0":{"name":"(anonymous_0)","decl":{"start":{"line":19,"column":14},"end":{"line":26,"column":5}},"loc":{"start":{"line":20,"column":4},"end":{"line":26,"column":5}},"line":20}},"branchMap":{},"s":{"0":1},"f":{"0":1},"b":{},"_coverageSchema":"11020577277169172593","hash":"71230967884972214"}
,"C:\\Users\\1arna\\Documents\\Programing\\uabbaltic\\src\\store\\services\\auth-api.ts": {"all":false,"path":"C:\\Users\\1arna\\Documents\\Programing\\uabbaltic\\src\\store\\services\\auth-api.ts","statementMap":{"0":{"start":{"line":10,"column":23},"end":{"line":33,"column":2}},"1":{"start":{"line":13,"column":26},"end":{"line":32,"column":4}},"2":{"start":{"line":16,"column":8},"end":{"line":20,"column":10}},"3":{"start":{"line":25,"column":8},"end":{"line":29,"column":10}},"4":{"start":{"line":36,"column":2},"end":{"line":36,"column":9}}},"fnMap":{"0":{"name":"(anonymous_0)","decl":{"start":{"line":13,"column":13},"end":{"line":32,"column":4}},"loc":{"start":{"line":13,"column":26},"end":{"line":32,"column":4}},"line":13},"1":{"name":"(anonymous_1)","decl":{"start":{"line":15,"column":13},"end":{"line":21,"column":7}},"loc":{"start":{"line":15,"column":23},"end":{"line":21,"column":7}},"line":15},"2":{"name":"(anonymous_2)","decl":{"start":{"line":24,"column":13},"end":{"line":30,"column":7}},"loc":{"start":{"line":24,"column":23},"end":{"line":30,"column":7}},"line":24}},"branchMap":{},"s":{"0":1,"1":1,"2":0,"3":0,"4":1},"f":{"0":1,"1":0,"2":0},"b":{},"_coverageSchema":"11020577277169172593","hash":"1794224533040675999"}
,"C:\\Users\\1arna\\Documents\\Programing\\uabbaltic\\src\\store\\services\\swapi-api.ts": {"all":false,"path":"C:\\Users\\1arna\\Documents\\Programing\\uabbaltic\\src\\store\\services\\swapi-api.ts","statementMap":{"0":{"start":{"line":13,"column":24},"end":{"line":34,"column":2}},"1":{"start":{"line":16,"column":26},"end":{"line":33,"column":4}},"2":{"start":{"line":18,"column":19},"end":{"line":18,"column":26}},"3":{"start":{"line":22,"column":8},"end":{"line":30,"column":9}},"4":{"start":{"line":24,"column":42},"end":{"line":24,"column":62}},"5":{"start":{"line":27,"column":10},"end":{"line":27,"column":36}},"6":{"start":{"line":29,"column":10},"end":{"line":29,"column":27}},"7":{"start":{"line":39,"column":4},"end":{"line":39,"column":12}}},"fnMap":{"0":{"name":"(anonymous_0)","decl":{"start":{"line":16,"column":13},"end":{"line":33,"column":4}},"loc":{"start":{"line":16,"column":26},"end":{"line":33,"column":4}},"line":16},"1":{"name":"(anonymous_1)","decl":{"start":{"line":18,"column":13},"end":{"line":18,"column":26}},"loc":{"start":{"line":18,"column":19},"end":{"line":18,"column":26}},"line":18},"2":{"name":"queryFn","decl":{"start":{"line":21,"column":12},"end":{"line":21,"column":19}},"loc":{"start":{"line":21,"column":69},"end":{"line":31,"column":7}},"line":21},"3":{"name":"(anonymous_3)","decl":{"start":{"line":24,"column":27},"end":{"line":24,"column":62}},"loc":{"start":{"line":24,"column":42},"end":{"line":24,"column":62}},"line":24}},"branchMap":{},"s":{"0":1,"1":1,"2":0,"3":0,"4":0,"5":0,"6":0,"7":1},"f":{"0":1,"1":0,"2":0,"3":0},"b":{},"_coverageSchema":"11020577277169172593","hash":"5005912811568320498"}
,"C:\\Users\\1arna\\Documents\\Programing\\uabbaltic\\src\\store\\services\\weather-app-api.ts": {"all":false,"path":"C:\\Users\\1arna\\Documents\\Programing\\uabbaltic\\src\\store\\services\\weather-app-api.ts","statementMap":{"0":{"start":{"line":10,"column":29},"end":{"line":39,"column":2}},"1":{"start":{"line":13,"column":26},"end":{"line":38,"column":4}},"2":{"start":{"line":19,"column":8},"end":{"line":23,"column":10}},"3":{"start":{"line":31,"column":8},"end":{"line":35,"column":10}},"4":{"start":{"line":44,"column":4},"end":{"line":44,"column":17}}},"fnMap":{"0":{"name":"(anonymous_0)","decl":{"start":{"line":13,"column":13},"end":{"line":38,"column":4}},"loc":{"start":{"line":13,"column":26},"end":{"line":38,"column":4}},"line":13},"1":{"name":"(anonymous_1)","decl":{"start":{"line":18,"column":13},"end":{"line":24,"column":7}},"loc":{"start":{"line":18,"column":23},"end":{"line":24,"column":7}},"line":18},"2":{"name":"(anonymous_2)","decl":{"start":{"line":30,"column":13},"end":{"line":36,"column":7}},"loc":{"start":{"line":30,"column":23},"end":{"line":36,"column":7}},"line":30}},"branchMap":{},"s":{"0":1,"1":1,"2":0,"3":0,"4":1},"f":{"0":1,"1":0,"2":0},"b":{},"_coverageSchema":"11020577277169172593","hash":"3404935607215529855"}
,"C:\\Users\\1arna\\Documents\\Programing\\uabbaltic\\src\\store\\slices\\swapi-films-slice.ts": {"all":false,"path":"C:\\Users\\1arna\\Documents\\Programing\\uabbaltic\\src\\store\\slices\\swapi-films-slice.ts","statementMap":{"0":{"start":{"line":24,"column":39},"end":{"line":27,"column":1}},"1":{"start":{"line":29,"column":31},"end":{"line":66,"column":2}},"2":{"start":{"line":34,"column":6},"end":{"line":34,"column":36}},"3":{"start":{"line":37,"column":6},"end":{"line":37,"column":39}},"4":{"start":{"line":44,"column":19},"end":{"line":44,"column":55}},"5":{"start":{"line":47,"column":6},"end":{"line":51,"column":7}},"6":{"start":{"line":48,"column":8},"end":{"line":48,"column":36}},"7":{"start":{"line":49,"column":8},"end":{"line":49,"column":42}},"8":{"start":{"line":50,"column":8},"end":{"line":50,"column":31}},"9":{"start":{"line":58,"column":19},"end":{"line":58,"column":64}},"10":{"start":{"line":61,"column":6},"end":{"line":63,"column":7}},"11":{"start":{"line":62,"column":8},"end":{"line":62,"column":57}},"12":{"start":{"line":69,"column":2},"end":{"line":69,"column":25}},"13":{"start":{"line":71,"column":54},"end":{"line":71,"column":70}}},"fnMap":{"0":{"name":"(anonymous_0)","decl":{"start":{"line":33,"column":15},"end":{"line":35,"column":5}},"loc":{"start":{"line":33,"column":77},"end":{"line":35,"column":5}},"line":33},"1":{"name":"(anonymous_1)","decl":{"start":{"line":36,"column":18},"end":{"line":38,"column":5}},"loc":{"start":{"line":36,"column":60},"end":{"line":38,"column":5}},"line":36},"2":{"name":"(anonymous_2)","decl":{"start":{"line":39,"column":15},"end":{"line":52,"column":5}},"loc":{"start":{"line":42,"column":9},"end":{"line":52,"column":5}},"line":42},"3":{"name":"(anonymous_3)","decl":{"start":{"line":44,"column":8},"end":{"line":44,"column":55}},"loc":{"start":{"line":44,"column":19},"end":{"line":44,"column":55}},"line":44},"4":{"name":"(anonymous_4)","decl":{"start":{"line":53,"column":20},"end":{"line":64,"column":5}},"loc":{"start":{"line":56,"column":9},"end":{"line":64,"column":5}},"line":56},"5":{"name":"(anonymous_5)","decl":{"start":{"line":58,"column":8},"end":{"line":58,"column":64}},"loc":{"start":{"line":58,"column":19},"end":{"line":58,"column":64}},"line":58},"6":{"name":"(anonymous_6)","decl":{"start":{"line":71,"column":32},"end":{"line":71,"column":70}},"loc":{"start":{"line":71,"column":54},"end":{"line":71,"column":70}},"line":71}},"branchMap":{"0":{"loc":{"start":{"line":47,"column":6},"end":{"line":51,"column":7}},"type":"if","locations":[{"start":{"line":47,"column":6},"end":{"line":51,"column":7}},{"start":{"line":47,"column":6},"end":{"line":51,"column":7}}],"line":47},"1":{"loc":{"start":{"line":61,"column":6},"end":{"line":63,"column":7}},"type":"if","locations":[{"start":{"line":61,"column":6},"end":{"line":63,"column":7}},{"start":{"line":61,"column":6},"end":{"line":63,"column":7}}],"line":61}},"s":{"0":1,"1":1,"2":0,"3":0,"4":0,"5":0,"6":0,"7":0,"8":0,"9":0,"10":0,"11":0,"12":1,"13":0},"f":{"0":0,"1":0,"2":0,"3":0,"4":0,"5":0,"6":0},"b":{"0":[0,0],"1":[0,0]},"_coverageSchema":"11020577277169172593","hash":"16090722963560161058"}
,"C:\\Users\\1arna\\Documents\\Programing\\uabbaltic\\src\\store\\slices\\toast-alert-slice.ts": {"all":false,"path":"C:\\Users\\1arna\\Documents\\Programing\\uabbaltic\\src\\store\\slices\\toast-alert-slice.ts","statementMap":{"0":{"start":{"line":13,"column":34},"end":{"line":18,"column":1}},"1":{"start":{"line":20,"column":24},"end":{"line":31,"column":2}},"2":{"start":{"line":25,"column":6},"end":{"line":25,"column":45}},"3":{"start":{"line":26,"column":6},"end":{"line":26,"column":47}},"4":{"start":{"line":27,"column":6},"end":{"line":27,"column":49}},"5":{"start":{"line":28,"column":6},"end":{"line":28,"column":61}},"6":{"start":{"line":33,"column":33},"end":{"line":33,"column":56}},"7":{"start":{"line":35,"column":54},"end":{"line":35,"column":70}}},"fnMap":{"0":{"name":"(anonymous_0)","decl":{"start":{"line":24,"column":19},"end":{"line":29,"column":5}},"loc":{"start":{"line":24,"column":66},"end":{"line":29,"column":5}},"line":24},"1":{"name":"(anonymous_1)","decl":{"start":{"line":35,"column":32},"end":{"line":35,"column":70}},"loc":{"start":{"line":35,"column":54},"end":{"line":35,"column":70}},"line":35}},"branchMap":{},"s":{"0":1,"1":1,"2":0,"3":0,"4":0,"5":0,"6":1,"7":0},"f":{"0":0,"1":0},"b":{},"_coverageSchema":"11020577277169172593","hash":"2604711903344384926"}
,"C:\\Users\\1arna\\Documents\\Programing\\uabbaltic\\src\\store\\slices\\weather-slice.ts": {"all":false,"path":"C:\\Users\\1arna\\Documents\\Programing\\uabbaltic\\src\\store\\slices\\weather-slice.ts","statementMap":{"0":{"start":{"line":12,"column":36},"end":{"line":17,"column":1}},"1":{"start":{"line":19,"column":21},"end":{"line":32,"column":2}},"2":{"start":{"line":27,"column":6},"end":{"line":29,"column":8}},"3":{"start":{"line":34,"column":37},"end":{"line":34,"column":57}},"4":{"start":{"line":36,"column":51},"end":{"line":36,"column":67}}},"fnMap":{"0":{"name":"(anonymous_0)","decl":{"start":{"line":23,"column":23},"end":{"line":30,"column":5}},"loc":{"start":{"line":26,"column":9},"end":{"line":30,"column":5}},"line":26},"1":{"name":"(anonymous_1)","decl":{"start":{"line":36,"column":29},"end":{"line":36,"column":67}},"loc":{"start":{"line":36,"column":51},"end":{"line":36,"column":67}},"line":36}},"branchMap":{},"s":{"0":1,"1":1,"2":0,"3":1,"4":0},"f":{"0":0,"1":0},"b":{},"_coverageSchema":"11020577277169172593","hash":"16016391647445543977"}
,"C:\\Users\\1arna\\Documents\\Programing\\uabbaltic\\src\\styles\\reusable-styles.ts": {"all":false,"path":"C:\\Users\\1arna\\Documents\\Programing\\uabbaltic\\src\\styles\\reusable-styles.ts","statementMap":{"0":{"start":{"line":2,"column":2},"end":{"line":2,"column":68}},"1":{"start":{"line":4,"column":30},"end":{"line":4,"column":73}},"2":{"start":{"line":7,"column":2},"end":{"line":7,"column":45}},"3":{"start":{"line":9,"column":29},"end":{"line":9,"column":56}}},"fnMap":{},"branchMap":{},"s":{"0":1,"1":1,"2":1,"3":1},"f":{},"b":{},"_coverageSchema":"11020577277169172593","hash":"8631488162487108860"}
,"C:\\Users\\1arna\\Documents\\Programing\\uabbaltic\\src\\styles\\icons\\loader.tsx": {"all":false,"path":"C:\\Users\\1arna\\Documents\\Programing\\uabbaltic\\src\\styles\\icons\\loader.tsx","statementMap":{"0":{"start":{"line":3,"column":15},"end":{"line":62,"column":1}},"1":{"start":{"line":4,"column":2},"end":{"line":61,"column":4}}},"fnMap":{"0":{"name":"(anonymous_0)","decl":{"start":{"line":3,"column":15},"end":{"line":62,"column":1}},"loc":{"start":{"line":3,"column":51},"end":{"line":62,"column":1}},"line":3}},"branchMap":{},"s":{"0":1,"1":0},"f":{"0":0},"b":{},"_coverageSchema":"11020577277169172593","hash":"8916725750329086359"}
}
