TN:
SF:apollo-client.ts
FNF:0
FNH:0
DA:3,8
LF:1
LH:1
BRF:0
BRH:0
end_of_record
TN:
SF:sentry.client.config.ts
FNF:0
FNH:0
DA:1,8
DA:2,8
DA:3,8
DA:4,8
DA:5,8
DA:13,8
LF:6
LH:6
BRDA:1,0,0,8
BRDA:1,0,1,0
BRDA:1,1,0,0
BRDA:1,1,1,0
BRDA:1,2,0,0
BRDA:1,2,1,0
BRF:6
BRH:1
end_of_record
TN:
SF:src\app\[lng]\components\auth-guard\auth-guard.tsx
FN:8,(anonymous_0)
FNF:1
FNH:1
FNDA:32,(anonymous_0)
DA:8,8
DA:15,32
DA:16,32
DA:17,32
DA:19,32
DA:27,32
DA:28,8
DA:31,24
DA:32,0
DA:35,24
LF:10
LH:9
BRDA:27,0,0,8
BRDA:27,0,1,24
BRDA:31,1,0,0
BRDA:31,1,1,24
BRDA:31,2,0,24
BRDA:31,2,1,0
BRF:6
BRH:4
end_of_record
TN:
SF:src\app\[lng]\components\page-loader\page-loader.tsx
FN:1,(anonymous_0)
FNF:1
FNH:1
FNDA:8,(anonymous_0)
DA:1,8
DA:2,8
LF:2
LH:2
BRF:0
BRH:0
end_of_record
TN:
SF:src\app\[lng]\components\providers\providers.tsx
FN:13,(anonymous_0)
FNF:1
FNH:1
FNDA:8,(anonymous_0)
DA:13,8
DA:20,8
DA:22,8
LF:3
LH:3
BRF:0
BRH:0
end_of_record
TN:
SF:src\app\[lng]\components\snack-alert\snack-alert.tsx
FN:13,Alert
FN:20,(anonymous_1)
FN:24,(anonymous_2)
FN:39,(anonymous_3)
FN:50,(anonymous_4)
FN:51,(anonymous_5)
FNF:6
FNH:3
FNDA:10,Alert
FNDA:21,(anonymous_1)
FNDA:0,(anonymous_2)
FNDA:0,(anonymous_3)
FNDA:8,(anonymous_4)
FNDA:0,(anonymous_5)
DA:13,8
DA:17,10
DA:20,8
DA:21,21
DA:22,21
DA:24,21
DA:28,0
DA:29,0
DA:31,0
DA:39,0
DA:40,0
DA:50,21
DA:51,8
DA:52,0
DA:62,21
LF:15
LH:9
BRDA:28,0,0,0
BRDA:28,0,1,0
BRF:2
BRH:0
end_of_record
TN:
SF:src\app\[lng]\forgot-password\components\forgot-password-form.tsx
FN:20,(anonymous_0)
FN:36,(anonymous_1)
FN:67,(anonymous_2)
FN:82,(anonymous_3)
FNF:4
FNH:4
FNDA:12,(anonymous_0)
FNDA:2,(anonymous_1)
FNDA:2,(anonymous_2)
FNDA:2,(anonymous_3)
DA:20,2
DA:21,12
DA:22,10
DA:24,10
DA:32,10
DA:36,10
DA:37,2
DA:38,1
DA:46,1
DA:47,1
DA:56,0
DA:63,0
DA:67,10
DA:68,2
DA:69,2
DA:74,2
DA:76,2
DA:78,0
DA:82,10
DA:83,2
DA:84,2
DA:86,0
DA:90,10
LF:23
LH:19
BRDA:37,0,0,1
BRDA:37,0,1,1
BRDA:46,1,0,1
BRDA:46,1,1,0
BRF:4
BRH:3
end_of_record
TN:
SF:src\app\[lng]\login\components\login-form\login-form.tsx
FN:19,(anonymous_0)
FN:36,(anonymous_1)
FN:58,(anonymous_2)
FNF:3
FNH:3
FNDA:5,(anonymous_0)
FNDA:1,(anonymous_1)
FNDA:1,(anonymous_2)
DA:19,1
DA:20,5
DA:21,4
DA:23,4
DA:32,4
DA:36,4
DA:37,1
DA:38,1
DA:44,0
DA:45,0
DA:54,0
DA:58,4
DA:59,1
DA:60,1
DA:62,0
DA:66,4
LF:16
LH:12
BRDA:44,0,0,0
BRDA:44,0,1,0
BRF:2
BRH:0
end_of_record
TN:
SF:src\app\[lng]\register\components\register-form\register-form.tsx
FN:30,(anonymous_0)
FN:75,(anonymous_1)
FN:91,(anonymous_2)
FN:110,(anonymous_3)
FNF:4
FNH:4
FNDA:4,(anonymous_0)
FNDA:27,(anonymous_1)
FNDA:5,(anonymous_2)
FNDA:5,(anonymous_3)
DA:30,6
DA:36,4
DA:37,1
DA:45,3
DA:46,1
DA:54,2
DA:55,1
DA:64,1
DA:71,1
DA:75,6
DA:76,27
DA:77,21
DA:79,21
DA:87,21
DA:91,21
DA:92,5
DA:93,5
DA:98,3
DA:99,3
DA:106,2
DA:110,21
DA:111,5
DA:112,5
DA:114,2
DA:118,21
LF:25
LH:25
BRDA:36,0,0,1
BRDA:36,0,1,3
BRDA:45,1,0,1
BRDA:45,1,1,2
BRDA:54,2,0,1
BRDA:54,2,1,1
BRF:6
BRH:6
end_of_record
TN:
SF:src\app\i18n\client.ts
FN:22,(anonymous_0)
FN:36,useTranslation
FN:50,(anonymous_2)
FN:55,(anonymous_3)
FN:60,(anonymous_4)
FNF:5
FNH:5
FNDA:26,(anonymous_0)
FNDA:74,useTranslation
FNDA:16,(anonymous_2)
FNDA:16,(anonymous_3)
FNDA:28,(anonymous_4)
DA:15,9
DA:17,9
DA:23,26
DA:41,74
DA:42,74
DA:43,57
DA:44,57
DA:45,0
DA:48,57
DA:50,57
DA:51,16
DA:52,0
DA:55,57
DA:56,16
DA:57,0
DA:60,57
DA:61,28
DA:62,12
DA:66,57
LF:19
LH:16
BRDA:32,0,0,0
BRDA:32,0,1,9
BRDA:44,1,0,0
BRDA:44,1,1,57
BRDA:51,2,0,16
BRDA:51,2,1,0
BRDA:56,3,0,16
BRDA:56,3,1,0
BRDA:56,4,0,16
BRDA:56,4,1,16
BRDA:61,5,0,16
BRDA:61,5,1,12
BRDA:44,6,0,57
BRDA:44,6,1,0
BRDA:44,6,2,0
BRF:15
BRH:9
end_of_record
TN:
SF:src\app\i18n\settings.ts
FN:6,getOptions
FNF:1
FNH:1
FNDA:9,getOptions
DA:1,9
DA:2,9
DA:3,9
DA:4,9
DA:7,9
LF:5
LH:5
BRDA:6,0,0,9
BRDA:6,1,0,9
BRF:2
BRH:2
end_of_record
TN:
SF:src\app\utils\client-error-response-handler.ts
FN:1,(anonymous_0)
FNF:1
FNH:1
FNDA:4,(anonymous_0)
DA:1,9
DA:5,4
DA:6,2
LF:3
LH:3
BRDA:5,0,0,2
BRDA:5,0,1,2
BRF:2
BRH:2
end_of_record
TN:
SF:src\app\utils\get-base-url.ts
FN:1,(anonymous_0)
FNF:1
FNH:1
FNDA:18,(anonymous_0)
DA:1,9
DA:2,18
DA:3,16
DA:5,2
LF:4
LH:4
BRDA:2,0,0,16
BRDA:2,0,1,2
BRF:2
BRH:2
end_of_record
TN:
SF:src\app\utils\hide-main-header-footer.ts
FN:1,(anonymous_0)
FNF:1
FNH:1
FNDA:38,(anonymous_0)
DA:1,8
DA:2,38
DA:6,38
LF:3
LH:3
BRF:0
BRH:0
end_of_record
TN:
SF:src\app\utils\validation-schemas.ts
FN:7,(anonymous_0)
FNF:1
FNH:1
FNDA:22,(anonymous_0)
DA:7,6
DA:8,22
DA:9,21
DA:19,1
LF:4
LH:4
BRDA:8,0,0,21
BRDA:8,0,1,1
BRF:2
BRH:2
end_of_record
TN:
SF:src\components\button\button.tsx
FN:11,(anonymous_0)
FNF:1
FNH:1
FNDA:35,(anonymous_0)
DA:11,9
DA:17,35
LF:2
LH:2
BRDA:31,0,0,35
BRDA:31,0,1,16
BRF:2
BRH:2
end_of_record
TN:
SF:src\components\input\input.tsx
FN:11,(anonymous_0)
FNF:1
FNH:1
FNDA:102,(anonymous_0)
DA:11,9
DA:18,102
LF:2
LH:2
BRF:0
BRH:0
end_of_record
TN:
SF:src\components\layout\headers\main-header.tsx
FN:23,(anonymous_0)
FN:30,(anonymous_1)
FN:89,(anonymous_2)
FN:106,(anonymous_3)
FN:120,(anonymous_4)
FN:138,(anonymous_5)
FN:141,(anonymous_6)
FNF:7
FNH:5
FNDA:30,(anonymous_0)
FNDA:22,(anonymous_1)
FNDA:66,(anonymous_2)
FNDA:0,(anonymous_3)
FNDA:22,(anonymous_4)
FNDA:44,(anonymous_5)
FNDA:0,(anonymous_6)
DA:23,8
DA:24,30
DA:25,22
DA:26,22
DA:27,22
DA:28,22
DA:30,22
DA:31,22
DA:32,22
DA:34,22
DA:35,0
DA:54,22
DA:62,22
DA:63,22
DA:64,22
DA:74,0
DA:75,0
DA:84,22
DA:87,22
DA:89,22
DA:90,66
DA:91,16
DA:93,50
DA:96,22
DA:107,0
DA:120,22
DA:139,44
DA:140,0
DA:141,0
DA:146,44
LF:30
LH:24
BRDA:34,0,0,0
BRDA:34,0,1,22
BRDA:62,1,0,22
BRDA:62,1,1,0
BRDA:63,2,0,22
BRDA:63,2,1,0
BRDA:74,3,0,0
BRDA:74,3,1,0
BRDA:90,4,0,16
BRDA:90,4,1,50
BRDA:139,5,0,0
BRDA:139,5,1,44
BRDA:164,6,0,22
BRDA:164,6,1,0
BRF:14
BRH:7
end_of_record
TN:
SF:src\components\layout\headers\hamburger-button\hamburger-button.tsx
FN:7,(anonymous_0)
FNF:1
FNH:1
FNDA:22,(anonymous_0)
DA:7,8
DA:8,22
LF:2
LH:2
BRF:0
BRH:0
end_of_record
TN:
SF:src\components\link-button\link-button.tsx
FN:10,(anonymous_0)
FNF:1
FNH:1
FNDA:4,(anonymous_0)
DA:10,1
DA:11,4
LF:2
LH:2
BRF:0
BRH:0
end_of_record
TN:
SF:src\constants\custom-errors.ts
FNF:0
FNH:0
DA:1,2
LF:1
LH:1
BRF:0
BRH:0
end_of_record
TN:
SF:src\constants\graphql-errors.ts
FNF:0
FNH:0
DA:1,6
LF:1
LH:1
BRF:0
BRH:0
end_of_record
TN:
SF:src\constants\routes.ts
FNF:0
FNH:0
DA:1,9
LF:1
LH:1
BRF:0
BRH:0
end_of_record
TN:
SF:src\constants\status-code.ts
FNF:0
FNH:0
DA:1,8
LF:1
LH:1
BRF:0
BRH:0
end_of_record
TN:
SF:src\store\redux-hooks.ts
FNF:0
FNH:0
DA:4,9
DA:5,9
LF:2
LH:2
BRF:0
BRH:0
end_of_record
TN:
SF:src\store\store.ts
FN:19,(anonymous_0)
FNF:1
FNH:1
FNDA:9,(anonymous_0)
DA:20,9
LF:1
LH:1
BRF:0
BRH:0
end_of_record
TN:
SF:src\store\services\auth-api.ts
FN:13,(anonymous_0)
FN:15,(anonymous_1)
FN:24,(anonymous_2)
FNF:3
FNH:1
FNDA:9,(anonymous_0)
FNDA:0,(anonymous_1)
FNDA:0,(anonymous_2)
DA:10,9
DA:13,9
DA:16,0
DA:25,0
DA:36,9
LF:5
LH:3
BRF:0
BRH:0
end_of_record
TN:
SF:src\store\services\swapi-api.ts
FN:16,(anonymous_0)
FN:18,(anonymous_1)
FN:21,queryFn
FN:24,(anonymous_3)
FNF:4
FNH:1
FNDA:9,(anonymous_0)
FNDA:0,(anonymous_1)
FNDA:0,queryFn
FNDA:0,(anonymous_3)
DA:13,9
DA:16,9
DA:18,0
DA:22,0
DA:24,0
DA:27,0
DA:29,0
DA:39,9
LF:8
LH:3
BRF:0
BRH:0
end_of_record
TN:
SF:src\store\services\weather-app-api.ts
FN:13,(anonymous_0)
FN:18,(anonymous_1)
FN:30,(anonymous_2)
FNF:3
FNH:1
FNDA:9,(anonymous_0)
FNDA:0,(anonymous_1)
FNDA:0,(anonymous_2)
DA:10,9
DA:13,9
DA:19,0
DA:31,0
DA:44,9
LF:5
LH:3
BRF:0
BRH:0
end_of_record
TN:
SF:src\store\slices\swapi-films-slice.ts
FN:33,(anonymous_0)
FN:36,(anonymous_1)
FN:39,(anonymous_2)
FN:44,(anonymous_3)
FN:53,(anonymous_4)
FN:58,(anonymous_5)
FN:71,(anonymous_6)
FNF:7
FNH:0
FNDA:0,(anonymous_0)
FNDA:0,(anonymous_1)
FNDA:0,(anonymous_2)
FNDA:0,(anonymous_3)
FNDA:0,(anonymous_4)
FNDA:0,(anonymous_5)
FNDA:0,(anonymous_6)
DA:24,9
DA:29,9
DA:34,0
DA:37,0
DA:44,0
DA:47,0
DA:48,0
DA:49,0
DA:50,0
DA:58,0
DA:61,0
DA:62,0
DA:69,9
DA:71,0
LF:14
LH:3
BRDA:47,0,0,0
BRDA:47,0,1,0
BRDA:61,1,0,0
BRDA:61,1,1,0
BRF:4
BRH:0
end_of_record
TN:
SF:src\store\slices\toast-alert-slice.ts
FN:24,(anonymous_0)
FN:35,(anonymous_1)
FNF:2
FNH:2
FNDA:5,(anonymous_0)
FNDA:52,(anonymous_1)
DA:13,9
DA:20,9
DA:25,5
DA:26,5
DA:27,5
DA:28,5
DA:33,9
DA:35,52
LF:8
LH:8
BRF:0
BRH:0
end_of_record
TN:
SF:src\store\slices\weather-slice.ts
FN:23,(anonymous_0)
FN:36,(anonymous_1)
FNF:2
FNH:0
FNDA:0,(anonymous_0)
FNDA:0,(anonymous_1)
DA:12,9
DA:19,9
DA:27,0
DA:34,9
DA:36,0
LF:5
LH:3
BRF:0
BRH:0
end_of_record
TN:
SF:src\styles\reusable-styles.ts
FNF:0
FNH:0
DA:2,9
DA:4,9
DA:7,9
DA:9,9
LF:4
LH:4
BRF:0
BRH:0
end_of_record
TN:
SF:src\styles\components\page-container.tsx
FN:7,(anonymous_0)
FNF:1
FNH:1
FNDA:16,(anonymous_0)
DA:7,8
DA:16,16
DA:17,16
LF:3
LH:3
BRDA:25,0,0,16
BRDA:25,0,1,0
BRF:2
BRH:1
end_of_record
TN:
SF:src\styles\icons\hamburger-icon.tsx
FN:3,(anonymous_0)
FNF:1
FNH:1
FNDA:22,(anonymous_0)
DA:3,8
DA:4,22
LF:2
LH:2
BRF:0
BRH:0
end_of_record
TN:
SF:src\styles\icons\loader.tsx
FN:3,(anonymous_0)
FNF:1
FNH:1
FNDA:16,(anonymous_0)
DA:3,9
DA:4,16
LF:2
LH:2
BRF:0
BRH:0
end_of_record
TN:
SF:src\styles\icons\logo-icon.tsx
FN:3,(anonymous_0)
FNF:1
FNH:1
FNDA:22,(anonymous_0)
DA:3,8
DA:4,22
LF:2
LH:2
BRF:0
BRH:0
end_of_record
