TN:
SF:apollo-client.ts
FNF:0
FNH:0
DA:3,1
LF:1
LH:1
BRF:0
BRH:0
end_of_record
TN:
SF:sentry.client.config.ts
FNF:0
FNH:0
DA:1,1
DA:2,1
DA:3,1
DA:4,1
DA:5,1
DA:13,1
LF:6
LH:6
BRDA:1,0,0,1
BRDA:1,0,1,0
BRDA:1,1,0,0
BRDA:1,1,1,0
BRDA:1,2,0,0
BRDA:1,2,1,0
BRF:6
BRH:1
end_of_record
TN:
SF:src\app\[lng]\components\auth-guard\auth-guard.tsx
FN:8,(anonymous_0)
FNF:1
FNH:1
FNDA:4,(anonymous_0)
DA:8,1
DA:15,4
DA:16,4
DA:17,4
DA:19,4
DA:27,4
DA:28,1
DA:31,3
DA:32,0
DA:35,3
LF:10
LH:9
BRDA:27,0,0,1
BRDA:27,0,1,3
BRDA:31,1,0,0
BRDA:31,1,1,3
BRDA:31,2,0,3
BRDA:31,2,1,0
BRF:6
BRH:4
end_of_record
TN:
SF:src\app\[lng]\components\page-loader\page-loader.tsx
FN:1,(anonymous_0)
FNF:1
FNH:1
FNDA:1,(anonymous_0)
DA:1,1
DA:2,1
LF:2
LH:2
BRF:0
BRH:0
end_of_record
TN:
SF:src\app\[lng]\components\providers\providers.tsx
FN:13,(anonymous_0)
FNF:1
FNH:1
FNDA:1,(anonymous_0)
DA:13,1
DA:20,1
DA:22,1
LF:3
LH:3
BRF:0
BRH:0
end_of_record
TN:
SF:src\app\[lng]\components\snack-alert\snack-alert.tsx
FN:13,Alert
FN:20,(anonymous_1)
FN:24,(anonymous_2)
FN:39,(anonymous_3)
FN:50,(anonymous_4)
FN:51,(anonymous_5)
FNF:6
FNH:2
FNDA:0,Alert
FNDA:2,(anonymous_1)
FNDA:0,(anonymous_2)
FNDA:0,(anonymous_3)
FNDA:1,(anonymous_4)
FNDA:0,(anonymous_5)
DA:13,1
DA:17,0
DA:20,1
DA:21,2
DA:22,2
DA:24,2
DA:28,0
DA:29,0
DA:31,0
DA:39,0
DA:40,0
DA:50,2
DA:51,1
DA:52,0
DA:62,2
LF:15
LH:8
BRDA:28,0,0,0
BRDA:28,0,1,0
BRF:2
BRH:0
end_of_record
TN:
SF:src\app\[lng]\login\components\login-form\login-form.tsx
FN:19,(anonymous_0)
FN:36,(anonymous_1)
FN:58,(anonymous_2)
FNF:3
FNH:3
FNDA:5,(anonymous_0)
FNDA:1,(anonymous_1)
FNDA:1,(anonymous_2)
DA:19,1
DA:20,5
DA:21,4
DA:23,4
DA:32,4
DA:36,4
DA:37,1
DA:38,1
DA:44,0
DA:45,0
DA:54,0
DA:58,4
DA:59,1
DA:60,1
DA:62,0
DA:66,4
LF:16
LH:12
BRDA:44,0,0,0
BRDA:44,0,1,0
BRF:2
BRH:0
end_of_record
TN:
SF:src\app\[lng]\register\components\register-form\register-form.tsx
FN:30,(anonymous_0)
FN:75,(anonymous_1)
FN:91,(anonymous_2)
FN:110,(anonymous_3)
FNF:4
FNH:2
FNDA:1,(anonymous_0)
FNDA:1,(anonymous_1)
FNDA:0,(anonymous_2)
FNDA:0,(anonymous_3)
DA:30,1
DA:36,1
DA:37,0
DA:45,1
DA:46,0
DA:54,1
DA:55,0
DA:64,1
DA:71,1
DA:75,1
DA:76,1
DA:77,0
DA:79,0
DA:87,0
DA:91,0
DA:92,0
DA:93,0
DA:98,0
DA:99,0
DA:106,0
DA:110,0
DA:111,0
DA:112,0
DA:114,0
DA:118,0
LF:25
LH:8
BRDA:36,0,0,0
BRDA:36,0,1,1
BRDA:45,1,0,0
BRDA:45,1,1,1
BRDA:54,2,0,0
BRDA:54,2,1,1
BRF:6
BRH:3
end_of_record
TN:
SF:src\app\i18n\client.ts
FN:22,(anonymous_0)
FN:36,useTranslation
FN:50,(anonymous_2)
FN:55,(anonymous_3)
FN:60,(anonymous_4)
FNF:5
FNH:5
FNDA:5,(anonymous_0)
FNDA:10,useTranslation
FNDA:2,(anonymous_2)
FNDA:2,(anonymous_3)
FNDA:4,(anonymous_4)
DA:15,2
DA:17,2
DA:23,5
DA:41,10
DA:42,10
DA:43,7
DA:44,7
DA:45,0
DA:48,7
DA:50,7
DA:51,2
DA:52,0
DA:55,7
DA:56,2
DA:57,0
DA:60,7
DA:61,4
DA:62,2
DA:66,7
LF:19
LH:16
BRDA:32,0,0,0
BRDA:32,0,1,2
BRDA:44,1,0,0
BRDA:44,1,1,7
BRDA:51,2,0,2
BRDA:51,2,1,0
BRDA:56,3,0,2
BRDA:56,3,1,0
BRDA:56,4,0,2
BRDA:56,4,1,2
BRDA:61,5,0,2
BRDA:61,5,1,2
BRDA:44,6,0,7
BRDA:44,6,1,0
BRDA:44,6,2,0
BRF:15
BRH:9
end_of_record
TN:
SF:src\app\i18n\settings.ts
FN:6,getOptions
FNF:1
FNH:1
FNDA:2,getOptions
DA:1,2
DA:2,2
DA:3,2
DA:4,2
DA:7,2
LF:5
LH:5
BRDA:6,0,0,2
BRDA:6,1,0,2
BRF:2
BRH:2
end_of_record
TN:
SF:src\app\utils\client-error-response-handler.ts
FN:1,(anonymous_0)
FNF:1
FNH:0
FNDA:0,(anonymous_0)
DA:1,2
DA:5,0
DA:6,0
LF:3
LH:1
BRDA:5,0,0,0
BRDA:5,0,1,0
BRF:2
BRH:0
end_of_record
TN:
SF:src\app\utils\get-base-url.ts
FN:1,(anonymous_0)
FNF:1
FNH:1
FNDA:4,(anonymous_0)
DA:1,2
DA:2,4
DA:3,2
DA:5,2
LF:4
LH:4
BRDA:2,0,0,2
BRDA:2,0,1,2
BRF:2
BRH:2
end_of_record
TN:
SF:src\app\utils\hide-main-header-footer.ts
FN:1,(anonymous_0)
FNF:1
FNH:1
FNDA:5,(anonymous_0)
DA:1,1
DA:2,5
DA:6,5
LF:3
LH:3
BRF:0
BRH:0
end_of_record
TN:
SF:src\app\utils\validation-schemas.ts
FN:7,(anonymous_0)
FNF:1
FNH:1
FNDA:1,(anonymous_0)
DA:7,1
DA:8,1
DA:9,0
DA:19,1
LF:4
LH:3
BRDA:8,0,0,0
BRDA:8,0,1,1
BRF:2
BRH:1
end_of_record
TN:
SF:src\components\button\button.tsx
FN:11,(anonymous_0)
FNF:1
FNH:1
FNDA:4,(anonymous_0)
DA:11,2
DA:17,4
LF:2
LH:2
BRDA:31,0,0,4
BRDA:31,0,1,2
BRF:2
BRH:2
end_of_record
TN:
SF:src\components\input\input.tsx
FN:11,(anonymous_0)
FNF:1
FNH:1
FNDA:8,(anonymous_0)
DA:11,2
DA:18,8
LF:2
LH:2
BRF:0
BRH:0
end_of_record
TN:
SF:src\components\layout\headers\main-header.tsx
FN:23,(anonymous_0)
FN:30,(anonymous_1)
FN:89,(anonymous_2)
FN:106,(anonymous_3)
FN:120,(anonymous_4)
FN:138,(anonymous_5)
FN:141,(anonymous_6)
FNF:7
FNH:5
FNDA:4,(anonymous_0)
FNDA:3,(anonymous_1)
FNDA:9,(anonymous_2)
FNDA:0,(anonymous_3)
FNDA:3,(anonymous_4)
FNDA:6,(anonymous_5)
FNDA:0,(anonymous_6)
DA:23,1
DA:24,4
DA:25,3
DA:26,3
DA:27,3
DA:28,3
DA:30,3
DA:31,3
DA:32,3
DA:34,3
DA:35,0
DA:54,3
DA:62,3
DA:63,3
DA:64,3
DA:74,0
DA:75,0
DA:84,3
DA:87,3
DA:89,3
DA:90,9
DA:91,3
DA:93,6
DA:96,3
DA:107,0
DA:120,3
DA:139,6
DA:140,0
DA:141,0
DA:146,6
LF:30
LH:24
BRDA:34,0,0,0
BRDA:34,0,1,3
BRDA:62,1,0,3
BRDA:62,1,1,0
BRDA:63,2,0,3
BRDA:63,2,1,0
BRDA:74,3,0,0
BRDA:74,3,1,0
BRDA:90,4,0,3
BRDA:90,4,1,6
BRDA:139,5,0,0
BRDA:139,5,1,6
BRDA:164,6,0,3
BRDA:164,6,1,0
BRF:14
BRH:7
end_of_record
TN:
SF:src\components\layout\headers\hamburger-button\hamburger-button.tsx
FN:7,(anonymous_0)
FNF:1
FNH:1
FNDA:3,(anonymous_0)
DA:7,1
DA:8,3
LF:2
LH:2
BRF:0
BRH:0
end_of_record
TN:
SF:src\components\link-button\link-button.tsx
FN:10,(anonymous_0)
FNF:1
FNH:1
FNDA:4,(anonymous_0)
DA:10,1
DA:11,4
LF:2
LH:2
BRF:0
BRH:0
end_of_record
TN:
SF:src\constants\graphql-errors.ts
FNF:0
FNH:0
DA:1,1
LF:1
LH:1
BRF:0
BRH:0
end_of_record
TN:
SF:src\constants\routes.ts
FNF:0
FNH:0
DA:1,2
LF:1
LH:1
BRF:0
BRH:0
end_of_record
TN:
SF:src\constants\status-code.ts
FNF:0
FNH:0
DA:1,1
LF:1
LH:1
BRF:0
BRH:0
end_of_record
TN:
SF:src\store\redux-hooks.ts
FNF:0
FNH:0
DA:4,2
DA:5,2
LF:2
LH:2
BRF:0
BRH:0
end_of_record
TN:
SF:src\store\store.ts
FN:19,(anonymous_0)
FNF:1
FNH:1
FNDA:2,(anonymous_0)
DA:20,2
LF:1
LH:1
BRF:0
BRH:0
end_of_record
TN:
SF:src\store\services\auth-api.ts
FN:13,(anonymous_0)
FN:15,(anonymous_1)
FN:24,(anonymous_2)
FNF:3
FNH:1
FNDA:2,(anonymous_0)
FNDA:0,(anonymous_1)
FNDA:0,(anonymous_2)
DA:10,2
DA:13,2
DA:16,0
DA:25,0
DA:36,2
LF:5
LH:3
BRF:0
BRH:0
end_of_record
TN:
SF:src\store\services\swapi-api.ts
FN:16,(anonymous_0)
FN:18,(anonymous_1)
FN:21,queryFn
FN:24,(anonymous_3)
FNF:4
FNH:1
FNDA:2,(anonymous_0)
FNDA:0,(anonymous_1)
FNDA:0,queryFn
FNDA:0,(anonymous_3)
DA:13,2
DA:16,2
DA:18,0
DA:22,0
DA:24,0
DA:27,0
DA:29,0
DA:39,2
LF:8
LH:3
BRF:0
BRH:0
end_of_record
TN:
SF:src\store\services\weather-app-api.ts
FN:13,(anonymous_0)
FN:18,(anonymous_1)
FN:30,(anonymous_2)
FNF:3
FNH:1
FNDA:2,(anonymous_0)
FNDA:0,(anonymous_1)
FNDA:0,(anonymous_2)
DA:10,2
DA:13,2
DA:19,0
DA:31,0
DA:44,2
LF:5
LH:3
BRF:0
BRH:0
end_of_record
TN:
SF:src\store\slices\swapi-films-slice.ts
FN:33,(anonymous_0)
FN:36,(anonymous_1)
FN:39,(anonymous_2)
FN:44,(anonymous_3)
FN:53,(anonymous_4)
FN:58,(anonymous_5)
FN:71,(anonymous_6)
FNF:7
FNH:0
FNDA:0,(anonymous_0)
FNDA:0,(anonymous_1)
FNDA:0,(anonymous_2)
FNDA:0,(anonymous_3)
FNDA:0,(anonymous_4)
FNDA:0,(anonymous_5)
FNDA:0,(anonymous_6)
DA:24,2
DA:29,2
DA:34,0
DA:37,0
DA:44,0
DA:47,0
DA:48,0
DA:49,0
DA:50,0
DA:58,0
DA:61,0
DA:62,0
DA:69,2
DA:71,0
LF:14
LH:3
BRDA:47,0,0,0
BRDA:47,0,1,0
BRDA:61,1,0,0
BRDA:61,1,1,0
BRF:4
BRH:0
end_of_record
TN:
SF:src\store\slices\toast-alert-slice.ts
FN:24,(anonymous_0)
FN:35,(anonymous_1)
FNF:2
FNH:1
FNDA:0,(anonymous_0)
FNDA:4,(anonymous_1)
DA:13,2
DA:20,2
DA:25,0
DA:26,0
DA:27,0
DA:28,0
DA:33,2
DA:35,4
LF:8
LH:4
BRF:0
BRH:0
end_of_record
TN:
SF:src\store\slices\weather-slice.ts
FN:23,(anonymous_0)
FN:36,(anonymous_1)
FNF:2
FNH:0
FNDA:0,(anonymous_0)
FNDA:0,(anonymous_1)
DA:12,2
DA:19,2
DA:27,0
DA:34,2
DA:36,0
LF:5
LH:3
BRF:0
BRH:0
end_of_record
TN:
SF:src\styles\reusable-styles.ts
FNF:0
FNH:0
DA:2,2
DA:4,2
DA:7,2
DA:9,2
LF:4
LH:4
BRF:0
BRH:0
end_of_record
TN:
SF:src\styles\components\page-container.tsx
FN:7,(anonymous_0)
FNF:1
FNH:1
FNDA:2,(anonymous_0)
DA:7,1
DA:16,2
DA:17,2
LF:3
LH:3
BRDA:25,0,0,2
BRDA:25,0,1,0
BRF:2
BRH:1
end_of_record
TN:
SF:src\styles\icons\hamburger-icon.tsx
FN:3,(anonymous_0)
FNF:1
FNH:1
FNDA:3,(anonymous_0)
DA:3,1
DA:4,3
LF:2
LH:2
BRF:0
BRH:0
end_of_record
TN:
SF:src\styles\icons\loader.tsx
FN:3,(anonymous_0)
FNF:1
FNH:1
FNDA:2,(anonymous_0)
DA:3,2
DA:4,2
LF:2
LH:2
BRF:0
BRH:0
end_of_record
TN:
SF:src\styles\icons\logo-icon.tsx
FN:3,(anonymous_0)
FNF:1
FNH:1
FNDA:3,(anonymous_0)
DA:3,1
DA:4,3
LF:2
LH:2
BRF:0
BRH:0
end_of_record
